2022-08-19 02:10:12 [INFO] Starting minecraft server version 1.5.2
2022-08-19 02:10:12 [WARNING] To start the server with more ram, launch it as "java -Xmx1024M -Xms1024M -jar minecraft_server.jar"
2022-08-19 02:10:12 [INFO] Loading properties
2022-08-19 02:10:12 [INFO] Default game type: SURVIVAL
2022-08-19 02:10:12 [INFO] Generating keypair
2022-08-19 02:10:13 [INFO] Starting Minecraft server on 127.0.0.1:25569
2022-08-19 02:10:14 [INFO] This server is running CraftBukkit version git-Bukkit-1.5.2-R1.0-b2788jnks (MC: 1.5.2) (Implementing API version 1.5.2-R1.0)
2022-08-19 02:10:15 [WARNING] Failed to load operators list: java.io.FileNotFoundException: ./ops.txt (No such file or directory)
2022-08-19 02:10:15 [WARNING] Failed to load white-list: java.io.FileNotFoundException: ./white-list.txt (No such file or directory)
2022-08-19 02:10:15 [WARNING] **** SERVER IS RUNNING IN OFFLINE/INSECURE MODE!
2022-08-19 02:10:15 [WARNING] The server will make no attempt to authenticate usernames. Beware.
2022-08-19 02:10:15 [WARNING] While this makes the game possible to play without internet access, it also opens up the ability for hackers to connect with any username they choose.
2022-08-19 02:10:15 [WARNING] To change this, set "online-mode" to "true" in the server.properties file.
2022-08-19 02:10:15 [INFO] Preparing level "world"
2022-08-19 02:10:15 [SEVERE] Exception in thread "Thread-6" 
2022-08-19 02:10:15 [SEVERE] org.bukkit.craftbukkit.libs.com.google.gson.JsonSyntaxException: java.lang.IllegalStateException: Expected BEGIN_OBJECT but was STRING at line 1 column 7
2022-08-19 02:10:15 [SEVERE] 	at org.bukkit.craftbukkit.libs.com.google.gson.internal.bind.ReflectiveTypeAdapterFactory$Adapter.read(ReflectiveTypeAdapterFactory.java:180)
2022-08-19 02:10:15 [SEVERE] 	at org.bukkit.craftbukkit.libs.com.google.gson.Gson.fromJson(Gson.java:755)
2022-08-19 02:10:15 [SEVERE] 	at org.bukkit.craftbukkit.libs.com.google.gson.Gson.fromJson(Gson.java:694)
2022-08-19 02:10:15 [SEVERE] 	at org.bukkit.craftbukkit.v1_5_R3.updater.BukkitDLUpdaterService.fetchArtifact(BukkitDLUpdaterService.java:51)
2022-08-19 02:10:15 [SEVERE] 	at org.bukkit.craftbukkit.v1_5_R3.updater.BukkitDLUpdaterService.getArtifact(BukkitDLUpdaterService.java:28)
2022-08-19 02:10:15 [SEVERE] 	at org.bukkit.craftbukkit.v1_5_R3.updater.AutoUpdater$1.run(AutoUpdater.java:77)
2022-08-19 02:10:15 [SEVERE] Caused by: java.lang.IllegalStateException: Expected BEGIN_OBJECT but was STRING at line 1 column 7
2022-08-19 02:10:15 [SEVERE] 	at org.bukkit.craftbukkit.libs.com.google.gson.stream.JsonReader.expect(JsonReader.java:339)
2022-08-19 02:10:15 [SEVERE] 	at org.bukkit.craftbukkit.libs.com.google.gson.stream.JsonReader.beginObject(JsonReader.java:322)
2022-08-19 02:10:15 [SEVERE] 	at org.bukkit.craftbukkit.libs.com.google.gson.internal.bind.ReflectiveTypeAdapterFactory$Adapter.read(ReflectiveTypeAdapterFactory.java:168)
2022-08-19 02:10:15 [SEVERE] 	... 5 more
2022-08-19 02:10:16 [INFO] Preparing start region for level 0 (Seed: -1025324258502800580)
2022-08-19 02:10:17 [INFO] Preparing spawn area: 4%
2022-08-19 02:10:18 [INFO] Preparing spawn area: 4%
2022-08-19 02:10:19 [INFO] Preparing spawn area: 8%
2022-08-19 02:10:20 [INFO] Preparing spawn area: 12%
2022-08-19 02:10:21 [INFO] Preparing spawn area: 16%
2022-08-19 02:10:22 [INFO] Preparing spawn area: 20%
2022-08-19 02:10:23 [INFO] Preparing spawn area: 24%
2022-08-19 02:10:24 [INFO] Preparing spawn area: 29%
2022-08-19 02:10:25 [INFO] Preparing spawn area: 33%
2022-08-19 02:10:26 [INFO] Preparing spawn area: 37%
2022-08-19 02:10:27 [INFO] Preparing spawn area: 41%
2022-08-19 02:10:28 [INFO] Preparing spawn area: 45%
2022-08-19 02:10:29 [INFO] Preparing spawn area: 49%
2022-08-19 02:10:30 [INFO] Preparing spawn area: 54%
2022-08-19 02:10:31 [INFO] Preparing spawn area: 58%
2022-08-19 02:10:32 [INFO] Preparing spawn area: 62%
2022-08-19 02:10:33 [INFO] Preparing spawn area: 66%
2022-08-19 02:10:34 [INFO] Preparing spawn area: 70%
2022-08-19 02:10:35 [INFO] Preparing spawn area: 74%
2022-08-19 02:10:36 [INFO] Preparing spawn area: 78%
2022-08-19 02:10:37 [INFO] Preparing spawn area: 83%
2022-08-19 02:10:38 [INFO] Preparing spawn area: 87%
2022-08-19 02:10:39 [INFO] Preparing spawn area: 91%
2022-08-19 02:10:40 [INFO] Preparing spawn area: 95%
2022-08-19 02:10:41 [INFO] Preparing spawn area: 99%
2022-08-19 02:10:42 [INFO] Preparing start region for level 1 (Seed: -1025324258502800580)
2022-08-19 02:10:43 [INFO] Preparing spawn area: 0%
2022-08-19 02:10:44 [INFO] Preparing spawn area: 4%
2022-08-19 02:10:45 [INFO] Preparing spawn area: 12%
2022-08-19 02:10:46 [INFO] Preparing spawn area: 20%
2022-08-19 02:10:47 [INFO] Preparing spawn area: 28%
2022-08-19 02:10:48 [INFO] Preparing spawn area: 37%
2022-08-19 02:10:49 [INFO] Preparing spawn area: 45%
2022-08-19 02:10:50 [INFO] Preparing spawn area: 49%
2022-08-19 02:10:51 [INFO] Preparing spawn area: 62%
2022-08-19 02:10:52 [INFO] Preparing spawn area: 74%
2022-08-19 02:10:53 [INFO] Preparing spawn area: 87%
2022-08-19 02:10:54 [INFO] Preparing spawn area: 99%
2022-08-19 02:10:54 [INFO] Preparing start region for level 2 (Seed: -1025324258502800580)
2022-08-19 02:10:55 [INFO] Preparing spawn area: 12%
2022-08-19 02:10:56 [INFO] Preparing spawn area: 29%
2022-08-19 02:10:57 [INFO] Preparing spawn area: 49%
2022-08-19 02:10:58 [INFO] Preparing spawn area: 87%
2022-08-19 02:10:58 [INFO] Server permissions file permissions.yml is empty, ignoring it
2022-08-19 02:10:58 [INFO] Done (43.603s)! For help, type "help" or "?"
2022-08-19 02:11:02 [WARNING] Can't keep up! Did the system time change, or is the server overloaded?
